[0.628s] Invoking command in '/home/robot/workspace2/team3_ws/build/send_script': PYTHONPATH=/home/robot/workspace2/team3_ws/build/send_script/prefix_override:/home/robot/workspace2/team3_ws/install/send_script/lib/python3.6/site-packages:${PYTHONPATH} /usr/bin/python3 setup.py develop --uninstall --editable --build-directory /home/robot/workspace2/team3_ws/build/send_script/build
[0.893s] running develop
[1.071s] Removing /home/robot/workspace2/team3_ws/install/send_script/lib/python3.6/site-packages/send-script.egg-link (link to .)
[1.086s] Invoked command in '/home/robot/workspace2/team3_ws/build/send_script' returned '0': PYTHONPATH=/home/robot/workspace2/team3_ws/build/send_script/prefix_override:/home/robot/workspace2/team3_ws/install/send_script/lib/python3.6/site-packages:${PYTHONPATH} /usr/bin/python3 setup.py develop --uninstall --editable --build-directory /home/robot/workspace2/team3_ws/build/send_script/build
[1.088s] Invoking command in '/home/robot/workspace2/team3_ws/src/send_script': PYTHONPATH=/home/robot/workspace2/team3_ws/build/send_script/prefix_override:/home/robot/workspace2/team3_ws/install/send_script/lib/python3.6/site-packages:${PYTHONPATH} /usr/bin/python3 setup.py egg_info --egg-base ../../build/send_script build --build-base /home/robot/workspace2/team3_ws/build/send_script/build install --record /home/robot/workspace2/team3_ws/build/send_script/install.log --install-scripts $base/lib/send_script --single-version-externally-managed
[1.332s] running egg_info
[1.332s] writing ../../build/send_script/send_script.egg-info/PKG-INFO
[1.333s] writing dependency_links to ../../build/send_script/send_script.egg-info/dependency_links.txt
[1.333s] writing entry points to ../../build/send_script/send_script.egg-info/entry_points.txt
[1.333s] writing requirements to ../../build/send_script/send_script.egg-info/requires.txt
[1.333s] writing top-level names to ../../build/send_script/send_script.egg-info/top_level.txt
[1.357s] reading manifest file '../../build/send_script/send_script.egg-info/SOURCES.txt'
[1.358s] writing manifest file '../../build/send_script/send_script.egg-info/SOURCES.txt'
[1.358s] running build
[1.358s] running build_py
[1.359s] copying send_script/image_sub.py -> /home/robot/workspace2/team3_ws/build/send_script/build/lib/send_script
[1.359s] copying send_script/send_script.py -> /home/robot/workspace2/team3_ws/build/send_script/build/lib/send_script
[1.359s] running install
[1.359s] running install_lib
[1.360s] creating /home/robot/workspace2/team3_ws/install/send_script/lib/python3.6/site-packages/send_script
[1.360s] copying /home/robot/workspace2/team3_ws/build/send_script/build/lib/send_script/__init__.py -> /home/robot/workspace2/team3_ws/install/send_script/lib/python3.6/site-packages/send_script
[1.360s] copying /home/robot/workspace2/team3_ws/build/send_script/build/lib/send_script/image_sub.py -> /home/robot/workspace2/team3_ws/install/send_script/lib/python3.6/site-packages/send_script
[1.361s] copying /home/robot/workspace2/team3_ws/build/send_script/build/lib/send_script/send_script.py -> /home/robot/workspace2/team3_ws/install/send_script/lib/python3.6/site-packages/send_script
[1.361s] byte-compiling /home/robot/workspace2/team3_ws/install/send_script/lib/python3.6/site-packages/send_script/__init__.py to __init__.cpython-36.pyc
[1.361s] byte-compiling /home/robot/workspace2/team3_ws/install/send_script/lib/python3.6/site-packages/send_script/image_sub.py to image_sub.cpython-36.pyc
[1.362s] byte-compiling /home/robot/workspace2/team3_ws/install/send_script/lib/python3.6/site-packages/send_script/send_script.py to send_script.cpython-36.pyc
[1.362s] running install_data
[1.363s] running install_egg_info
[1.364s] Copying ../../build/send_script/send_script.egg-info to /home/robot/workspace2/team3_ws/install/send_script/lib/python3.6/site-packages/send_script-0.0.0-py3.6.egg-info
[1.365s] running install_scripts
[1.379s] Installing img_sub script to /home/robot/workspace2/team3_ws/install/send_script/lib/send_script
[1.379s] Installing send_script script to /home/robot/workspace2/team3_ws/install/send_script/lib/send_script
[1.379s] writing list of installed files to '/home/robot/workspace2/team3_ws/build/send_script/install.log'
[1.393s] Invoked command in '/home/robot/workspace2/team3_ws/src/send_script' returned '0': PYTHONPATH=/home/robot/workspace2/team3_ws/build/send_script/prefix_override:/home/robot/workspace2/team3_ws/install/send_script/lib/python3.6/site-packages:${PYTHONPATH} /usr/bin/python3 setup.py egg_info --egg-base ../../build/send_script build --build-base /home/robot/workspace2/team3_ws/build/send_script/build install --record /home/robot/workspace2/team3_ws/build/send_script/install.log --install-scripts $base/lib/send_script --single-version-externally-managed
