[0.613s] Invoking command in '/home/robot/workspace2/team3_ws/build/send_script': PYTHONPATH=/home/robot/workspace2/team3_ws/build/send_script/prefix_override:/home/robot/workspace2/team3_ws/install/send_script/lib/python3.6/site-packages:${PYTHONPATH} /usr/bin/python3 setup.py develop --uninstall --editable --build-directory /home/robot/workspace2/team3_ws/build/send_script/build
[0.868s] running develop
[1.038s] Removing /home/robot/workspace2/team3_ws/install/send_script/lib/python3.6/site-packages/send-script.egg-link (link to .)
[1.052s] Invoked command in '/home/robot/workspace2/team3_ws/build/send_script' returned '0': PYTHONPATH=/home/robot/workspace2/team3_ws/build/send_script/prefix_override:/home/robot/workspace2/team3_ws/install/send_script/lib/python3.6/site-packages:${PYTHONPATH} /usr/bin/python3 setup.py develop --uninstall --editable --build-directory /home/robot/workspace2/team3_ws/build/send_script/build
[1.055s] Invoking command in '/home/robot/workspace2/team3_ws/src/send_script': PYTHONPATH=/home/robot/workspace2/team3_ws/build/send_script/prefix_override:/home/robot/workspace2/team3_ws/install/send_script/lib/python3.6/site-packages:${PYTHONPATH} /usr/bin/python3 setup.py egg_info --egg-base ../../build/send_script build --build-base /home/robot/workspace2/team3_ws/build/send_script/build install --record /home/robot/workspace2/team3_ws/build/send_script/install.log --install-scripts $base/lib/send_script --single-version-externally-managed
[1.293s] running egg_info
[1.294s] writing ../../build/send_script/send_script.egg-info/PKG-INFO
[1.294s] writing dependency_links to ../../build/send_script/send_script.egg-info/dependency_links.txt
[1.294s] writing entry points to ../../build/send_script/send_script.egg-info/entry_points.txt
[1.294s] writing requirements to ../../build/send_script/send_script.egg-info/requires.txt
[1.294s] writing top-level names to ../../build/send_script/send_script.egg-info/top_level.txt
[1.317s] reading manifest file '../../build/send_script/send_script.egg-info/SOURCES.txt'
[1.318s] writing manifest file '../../build/send_script/send_script.egg-info/SOURCES.txt'
[1.318s] running build
[1.319s] running build_py
[1.319s] creating /home/robot/workspace2/team3_ws/build/send_script/build
[1.319s] creating /home/robot/workspace2/team3_ws/build/send_script/build/lib
[1.319s] creating /home/robot/workspace2/team3_ws/build/send_script/build/lib/send_script
[1.319s] copying send_script/__init__.py -> /home/robot/workspace2/team3_ws/build/send_script/build/lib/send_script
[1.319s] copying send_script/image_sub.py -> /home/robot/workspace2/team3_ws/build/send_script/build/lib/send_script
[1.319s] copying send_script/send_script.py -> /home/robot/workspace2/team3_ws/build/send_script/build/lib/send_script
[1.319s] running install
[1.319s] running install_lib
[1.320s] creating /home/robot/workspace2/team3_ws/install/send_script/lib/python3.6/site-packages/send_script
[1.320s] copying /home/robot/workspace2/team3_ws/build/send_script/build/lib/send_script/__init__.py -> /home/robot/workspace2/team3_ws/install/send_script/lib/python3.6/site-packages/send_script
[1.320s] copying /home/robot/workspace2/team3_ws/build/send_script/build/lib/send_script/image_sub.py -> /home/robot/workspace2/team3_ws/install/send_script/lib/python3.6/site-packages/send_script
[1.320s] copying /home/robot/workspace2/team3_ws/build/send_script/build/lib/send_script/send_script.py -> /home/robot/workspace2/team3_ws/install/send_script/lib/python3.6/site-packages/send_script
[1.320s] byte-compiling /home/robot/workspace2/team3_ws/install/send_script/lib/python3.6/site-packages/send_script/__init__.py to __init__.cpython-36.pyc
[1.320s] byte-compiling /home/robot/workspace2/team3_ws/install/send_script/lib/python3.6/site-packages/send_script/image_sub.py to image_sub.cpython-36.pyc
[1.321s] byte-compiling /home/robot/workspace2/team3_ws/install/send_script/lib/python3.6/site-packages/send_script/send_script.py to send_script.cpython-36.pyc
[1.321s] running install_data
[1.322s] running install_egg_info
[1.323s] Copying ../../build/send_script/send_script.egg-info to /home/robot/workspace2/team3_ws/install/send_script/lib/python3.6/site-packages/send_script-0.0.0-py3.6.egg-info
[1.324s] running install_scripts
[1.337s] Installing img_sub script to /home/robot/workspace2/team3_ws/install/send_script/lib/send_script
[1.337s] Installing send_script script to /home/robot/workspace2/team3_ws/install/send_script/lib/send_script
[1.338s] writing list of installed files to '/home/robot/workspace2/team3_ws/build/send_script/install.log'
[1.351s] Invoked command in '/home/robot/workspace2/team3_ws/src/send_script' returned '0': PYTHONPATH=/home/robot/workspace2/team3_ws/build/send_script/prefix_override:/home/robot/workspace2/team3_ws/install/send_script/lib/python3.6/site-packages:${PYTHONPATH} /usr/bin/python3 setup.py egg_info --egg-base ../../build/send_script build --build-base /home/robot/workspace2/team3_ws/build/send_script/build install --record /home/robot/workspace2/team3_ws/build/send_script/install.log --install-scripts $base/lib/send_script --single-version-externally-managed
