running develop
running egg_info
creating send_script.egg-info
writing send_script.egg-info/PKG-INFO
writing dependency_links to send_script.egg-info/dependency_links.txt
writing entry points to send_script.egg-info/entry_points.txt
writing requirements to send_script.egg-info/requires.txt
writing top-level names to send_script.egg-info/top_level.txt
writing manifest file 'send_script.egg-info/SOURCES.txt'
reading manifest file 'send_script.egg-info/SOURCES.txt'
writing manifest file 'send_script.egg-info/SOURCES.txt'
running build_ext
Creating /home/robot/workspace2/team3_ws/install/send_script/lib/python3.6/site-packages/send-script.egg-link (link to .)
Installing img_sub script to /home/robot/workspace2/team3_ws/install/send_script/lib/send_script
Installing send_script script to /home/robot/workspace2/team3_ws/install/send_script/lib/send_script

Installed /home/robot/workspace2/team3_ws/build/send_script
running install_data
creating /home/robot/workspace2/team3_ws/install/send_script/share/ament_index
creating /home/robot/workspace2/team3_ws/install/send_script/share/ament_index/resource_index
creating /home/robot/workspace2/team3_ws/install/send_script/share/ament_index/resource_index/packages
copying resource/send_script -> /home/robot/workspace2/team3_ws/install/send_script/share/ament_index/resource_index/packages
copying package.xml -> /home/robot/workspace2/team3_ws/install/send_script/share/send_script
