[0.628s] Invoking command in '/home/robot/workspace2/team3_ws/build/send_script': PYTHONPATH=/home/robot/workspace2/team3_ws/build/send_script/prefix_override:/home/robot/workspace2/team3_ws/install/send_script/lib/python3.6/site-packages:${PYTHONPATH} /usr/bin/python3 setup.py develop --editable --build-directory /home/robot/workspace2/team3_ws/build/send_script/build --no-deps install_data
[0.892s] running develop
[1.073s] running egg_info
[1.073s] creating send_script.egg-info
[1.073s] writing send_script.egg-info/PKG-INFO
[1.073s] writing dependency_links to send_script.egg-info/dependency_links.txt
[1.073s] writing entry points to send_script.egg-info/entry_points.txt
[1.073s] writing requirements to send_script.egg-info/requires.txt
[1.073s] writing top-level names to send_script.egg-info/top_level.txt
[1.074s] writing manifest file 'send_script.egg-info/SOURCES.txt'
[1.101s] reading manifest file 'send_script.egg-info/SOURCES.txt'
[1.102s] writing manifest file 'send_script.egg-info/SOURCES.txt'
[1.103s] running build_ext
[1.103s] Creating /home/robot/workspace2/team3_ws/install/send_script/lib/python3.6/site-packages/send-script.egg-link (link to .)
[1.104s] Installing img_sub script to /home/robot/workspace2/team3_ws/install/send_script/lib/send_script
[1.104s] Installing send_script script to /home/robot/workspace2/team3_ws/install/send_script/lib/send_script
[1.104s] 
[1.104s] Installed /home/robot/workspace2/team3_ws/build/send_script
[1.105s] running install_data
[1.105s] creating /home/robot/workspace2/team3_ws/install/send_script/share/ament_index
[1.105s] creating /home/robot/workspace2/team3_ws/install/send_script/share/ament_index/resource_index
[1.105s] creating /home/robot/workspace2/team3_ws/install/send_script/share/ament_index/resource_index/packages
[1.105s] copying resource/send_script -> /home/robot/workspace2/team3_ws/install/send_script/share/ament_index/resource_index/packages
[1.105s] copying package.xml -> /home/robot/workspace2/team3_ws/install/send_script/share/send_script
[1.122s] Invoked command in '/home/robot/workspace2/team3_ws/build/send_script' returned '0': PYTHONPATH=/home/robot/workspace2/team3_ws/build/send_script/prefix_override:/home/robot/workspace2/team3_ws/install/send_script/lib/python3.6/site-packages:${PYTHONPATH} /usr/bin/python3 setup.py develop --editable --build-directory /home/robot/workspace2/team3_ws/build/send_script/build --no-deps install_data
